  View.c
c:\users\matikpc\qsync\projekty\c\bitmapeditorm\bitmapeditorm\bitmapeditorm\view.c(7): warning C4013: niezdefiniowany "system"; przy założeniu, że extern zwraca int
c:\users\matikpc\qsync\projekty\c\bitmapeditorm\bitmapeditorm\bitmapeditorm\view.c(68): warning C4013: niezdefiniowany "addContrast"; przy założeniu, że extern zwraca int
c:\users\matikpc\qsync\projekty\c\bitmapeditorm\bitmapeditorm\bitmapeditorm\view.c(69): warning C4013: niezdefiniowany "setBrightness"; przy założeniu, że extern zwraca int
  Model.c
c:\users\matikpc\qsync\projekty\c\bitmapeditorm\bitmapeditorm\bitmapeditorm\model.c(28): warning C4098: "loadImage": funkcja "void" zwraca wartość
c:\users\matikpc\qsync\projekty\c\bitmapeditorm\bitmapeditorm\bitmapeditorm\model.c(58): warning C4047: "=": "FILE *" różni się w poziomach operatorów pośrednich od "int"
c:\users\matikpc\qsync\projekty\c\bitmapeditorm\bitmapeditorm\bitmapeditorm\model.c(122): warning C4101: "result": lokalna zmienna, do której nie istnieje odwołanie
c:\users\matikpc\qsync\projekty\c\bitmapeditorm\bitmapeditorm\bitmapeditorm\model.c(157): warning C4101: "result": lokalna zmienna, do której nie istnieje odwołanie
c:\users\matikpc\qsync\projekty\c\bitmapeditorm\bitmapeditorm\bitmapeditorm\model.c(210): warning C4244: "=": konwersja z "double" do "char", możliwa utrata danych
c:\users\matikpc\qsync\projekty\c\bitmapeditorm\bitmapeditorm\bitmapeditorm\model.c(211): warning C4244: "=": konwersja z "double" do "char", możliwa utrata danych
c:\users\matikpc\qsync\projekty\c\bitmapeditorm\bitmapeditorm\bitmapeditorm\model.c(212): warning C4244: "=": konwersja z "double" do "char", możliwa utrata danych
c:\users\matikpc\qsync\projekty\c\bitmapeditorm\bitmapeditorm\bitmapeditorm\model.c(192): warning C4477: „scanf”: ciąg formatu „%d” wymaga argumentu typu „int *”, ale argument 1 ze zmienną liczbą argumentów ma typ „double *”
c:\users\matikpc\qsync\projekty\c\bitmapeditorm\bitmapeditorm\bitmapeditorm\model.c(206): warning C4101: "result": lokalna zmienna, do której nie istnieje odwołanie
c:\users\matikpc\qsync\projekty\c\bitmapeditorm\bitmapeditorm\bitmapeditorm\model.c(189): warning C4101: "tempRed": lokalna zmienna, do której nie istnieje odwołanie
c:\users\matikpc\qsync\projekty\c\bitmapeditorm\bitmapeditorm\bitmapeditorm\model.c(189): warning C4101: "tempBlue": lokalna zmienna, do której nie istnieje odwołanie
c:\users\matikpc\qsync\projekty\c\bitmapeditorm\bitmapeditorm\bitmapeditorm\model.c(189): warning C4101: "tempGreend": lokalna zmienna, do której nie istnieje odwołanie
c:\users\matikpc\qsync\projekty\c\bitmapeditorm\bitmapeditorm\bitmapeditorm\model.c(249): warning C4101: "result": lokalna zmienna, do której nie istnieje odwołanie
c:\users\matikpc\qsync\projekty\c\bitmapeditorm\bitmapeditorm\bitmapeditorm\model.c(272): warning C4101: "result": lokalna zmienna, do której nie istnieje odwołanie
c:\users\matikpc\qsync\projekty\c\bitmapeditorm\bitmapeditorm\bitmapeditorm\model.c(344): warning C4047: "=": "FILE *" różni się w poziomach operatorów pośrednich od "int"
c:\users\matikpc\qsync\projekty\c\bitmapeditorm\bitmapeditorm\bitmapeditorm\model.c(352): warning C4098: "saveImage": funkcja "void" zwraca wartość
c:\users\matikpc\qsync\projekty\c\bitmapeditorm\bitmapeditorm\bitmapeditorm\model.c(366): warning C4098: "saveTemporaryImage": funkcja "void" zwraca wartość
c:\users\matikpc\qsync\projekty\c\bitmapeditorm\bitmapeditorm\bitmapeditorm\model.c(404): warning C4047: "=": "FILE *" różni się w poziomach operatorów pośrednich od "int"
c:\users\matikpc\qsync\projekty\c\bitmapeditorm\bitmapeditorm\bitmapeditorm\model.c(416): warning C4047: "inicjowanie": "ULONG" różni się w poziomach operatorów pośrednich od "void *"
c:\users\matikpc\qsync\projekty\c\bitmapeditorm\bitmapeditorm\bitmapeditorm\model.c(431): warning C4101: "result": lokalna zmienna, do której nie istnieje odwołanie
c:\users\matikpc\qsync\projekty\c\bitmapeditorm\bitmapeditorm\bitmapeditorm\model.c(461): warning C4047: "inicjowanie": "ULONG" różni się w poziomach operatorów pośrednich od "void *"
c:\users\matikpc\qsync\projekty\c\bitmapeditorm\bitmapeditorm\bitmapeditorm\model.c(476): warning C4101: "result": lokalna zmienna, do której nie istnieje odwołanie
c:\users\matikpc\qsync\projekty\c\bitmapeditorm\bitmapeditorm\bitmapeditorm\model.c(519): warning C4047: "inicjowanie": "ULONG" różni się w poziomach operatorów pośrednich od "void *"
c:\users\matikpc\qsync\projekty\c\bitmapeditorm\bitmapeditorm\bitmapeditorm\model.c(571): warning C4047: "inicjowanie": "USHORT" różni się w poziomach operatorów pośrednich od "void *"
c:\users\matikpc\qsync\projekty\c\bitmapeditorm\bitmapeditorm\bitmapeditorm\model.c(572): warning C4047: "inicjowanie": "ULONG" różni się w poziomach operatorów pośrednich od "void *"
c:\users\matikpc\qsync\projekty\c\bitmapeditorm\bitmapeditorm\bitmapeditorm\model.c(586): warning C4047: "inicjowanie": "ULONG" różni się w poziomach operatorów pośrednich od "void *"
c:\users\matikpc\qsync\projekty\c\bitmapeditorm\bitmapeditorm\bitmapeditorm\model.c(647): warning C4129: "Z": nierozpoznany znak sekwencji ucieczki
  Main.c
c:\users\matikpc\qsync\projekty\c\bitmapeditorm\bitmapeditorm\bitmapeditorm\main.c(9): warning C4047: "inicjowanie": "USHORT" różni się w poziomach operatorów pośrednich od "void *"
c:\users\matikpc\qsync\projekty\c\bitmapeditorm\bitmapeditorm\bitmapeditorm\main.c(10): warning C4047: "inicjowanie": "ULONG" różni się w poziomach operatorów pośrednich od "void *"
  Generowanie kodu...
  BitmapEditorM.vcxproj -> C:\Users\MatikPC\Qsync\Projekty\C\BitmapEditorM\BitmapEditorM\x64\Debug\BitmapEditorM.exe
